<?xml version="1.0" encoding="UTF-8"?>
<testng-results ignored="0" total="4" passed="4" failed="0" skipped="0">
  <reporter-output>
  </reporter-output>
  <suite started-at="2024-04-04T18:23:35 IST" name="NegativeTestSuite" finished-at="2024-04-04T18:23:59 IST" duration-ms="24547">
    <groups>
    </groups>
    <test started-at="2024-04-04T18:23:35 IST" name="Negative test cases- Chrome invalid username" finished-at="2024-04-04T18:23:41 IST" duration-ms="6693">
      <class name="Practice.Study.NegativeTest">
        <test-method is-config="true" signature="setUp(java.lang.String)[pri:0, instance:Practice.Study.NegativeTest@644baf4a]" started-at="2024-04-04T18:23:35 IST" name="setUp" finished-at="2024-04-04T18:23:37 IST" duration-ms="2050" status="PASS">
          <params>
            <param index="0">
              <value>
                <![CDATA[chrome]]>
              </value>
            </param>
          </params>
          <reporter-output>
          </reporter-output>
        </test-method> <!-- setUp -->
        <test-method signature="negativeTest(java.lang.String,java.lang.String,java.lang.String)[pri:0, instance:Practice.Study.NegativeTest@644baf4a]" started-at="2024-04-04T18:23:37 IST" name="negativeTest" finished-at="2024-04-04T18:23:41 IST" duration-ms="4415" status="PASS">
          <params>
            <param index="0">
              <value>
                <![CDATA[incorrectUsername]]>
              </value>
            </param>
            <param index="1">
              <value>
                <![CDATA[SuperSecretPassword!]]>
              </value>
            </param>
            <param index="2">
              <value>
                <![CDATA[Your username is invalid!]]>
              </value>
            </param>
          </params>
          <reporter-output>
          </reporter-output>
        </test-method> <!-- negativeTest -->
        <test-method is-config="true" signature="tearDown()[pri:0, instance:Practice.Study.NegativeTest@644baf4a]" started-at="2024-04-04T18:23:41 IST" name="tearDown" finished-at="2024-04-04T18:23:41 IST" duration-ms="152" status="PASS">
          <reporter-output>
          </reporter-output>
        </test-method> <!-- tearDown -->
      </class> <!-- Practice.Study.NegativeTest -->
    </test> <!-- Negative test cases- Chrome invalid username -->
    <test started-at="2024-04-04T18:23:42 IST" name="Negative test cases- Firefox invalid username" finished-at="2024-04-04T18:23:48 IST" duration-ms="6263">
      <class name="Practice.Study.NegativeTest">
        <test-method is-config="true" signature="setUp(java.lang.String)[pri:0, instance:Practice.Study.NegativeTest@247310d0]" started-at="2024-04-04T18:23:42 IST" name="setUp" finished-at="2024-04-04T18:23:43 IST" duration-ms="1093" status="PASS">
          <params>
            <param index="0">
              <value>
                <![CDATA[chrome]]>
              </value>
            </param>
          </params>
          <reporter-output>
          </reporter-output>
        </test-method> <!-- setUp -->
        <test-method signature="negativeTest(java.lang.String,java.lang.String,java.lang.String)[pri:0, instance:Practice.Study.NegativeTest@247310d0]" started-at="2024-04-04T18:23:43 IST" name="negativeTest" finished-at="2024-04-04T18:23:48 IST" duration-ms="5018" status="PASS">
          <params>
            <param index="0">
              <value>
                <![CDATA[incorrectUsername]]>
              </value>
            </param>
            <param index="1">
              <value>
                <![CDATA[SuperSecretPassword!]]>
              </value>
            </param>
            <param index="2">
              <value>
                <![CDATA[Your username is invalid!]]>
              </value>
            </param>
          </params>
          <reporter-output>
          </reporter-output>
        </test-method> <!-- negativeTest -->
        <test-method is-config="true" signature="tearDown()[pri:0, instance:Practice.Study.NegativeTest@247310d0]" started-at="2024-04-04T18:23:48 IST" name="tearDown" finished-at="2024-04-04T18:23:48 IST" duration-ms="141" status="PASS">
          <reporter-output>
          </reporter-output>
        </test-method> <!-- tearDown -->
      </class> <!-- Practice.Study.NegativeTest -->
    </test> <!-- Negative test cases- Firefox invalid username -->
    <test started-at="2024-04-04T18:23:48 IST" name="Negative test cases- Chrome invalid password" finished-at="2024-04-04T18:23:54 IST" duration-ms="5800">
      <class name="Practice.Study.NegativeTest">
        <test-method is-config="true" signature="setUp(java.lang.String)[pri:0, instance:Practice.Study.NegativeTest@303cf2ba]" started-at="2024-04-04T18:23:48 IST" name="setUp" finished-at="2024-04-04T18:23:49 IST" duration-ms="1145" status="PASS">
          <params>
            <param index="0">
              <value>
                <![CDATA[chrome]]>
              </value>
            </param>
          </params>
          <reporter-output>
          </reporter-output>
        </test-method> <!-- setUp -->
        <test-method signature="negativeTest(java.lang.String,java.lang.String,java.lang.String)[pri:0, instance:Practice.Study.NegativeTest@303cf2ba]" started-at="2024-04-04T18:23:49 IST" name="negativeTest" finished-at="2024-04-04T18:23:54 IST" duration-ms="4543" status="PASS">
          <params>
            <param index="0">
              <value>
                <![CDATA[tomsmith]]>
              </value>
            </param>
            <param index="1">
              <value>
                <![CDATA[incorrectPassword]]>
              </value>
            </param>
            <param index="2">
              <value>
                <![CDATA[Your password is invalid!]]>
              </value>
            </param>
          </params>
          <reporter-output>
          </reporter-output>
        </test-method> <!-- negativeTest -->
        <test-method is-config="true" signature="tearDown()[pri:0, instance:Practice.Study.NegativeTest@303cf2ba]" started-at="2024-04-04T18:23:54 IST" name="tearDown" finished-at="2024-04-04T18:23:54 IST" duration-ms="105" status="PASS">
          <reporter-output>
          </reporter-output>
        </test-method> <!-- tearDown -->
      </class> <!-- Practice.Study.NegativeTest -->
    </test> <!-- Negative test cases- Chrome invalid password -->
    <test started-at="2024-04-04T18:23:54 IST" name="Negative test cases- Firefox invalid password" finished-at="2024-04-04T18:23:59 IST" duration-ms="5614">
      <class name="Practice.Study.NegativeTest">
        <test-method is-config="true" signature="setUp(java.lang.String)[pri:0, instance:Practice.Study.NegativeTest@17fc391b]" started-at="2024-04-04T18:23:54 IST" name="setUp" finished-at="2024-04-04T18:23:55 IST" duration-ms="1053" status="PASS">
          <params>
            <param index="0">
              <value>
                <![CDATA[chrome]]>
              </value>
            </param>
          </params>
          <reporter-output>
          </reporter-output>
        </test-method> <!-- setUp -->
        <test-method signature="negativeTest(java.lang.String,java.lang.String,java.lang.String)[pri:0, instance:Practice.Study.NegativeTest@17fc391b]" started-at="2024-04-04T18:23:55 IST" name="negativeTest" finished-at="2024-04-04T18:23:59 IST" duration-ms="4412" status="PASS">
          <params>
            <param index="0">
              <value>
                <![CDATA[tomsmith]]>
              </value>
            </param>
            <param index="1">
              <value>
                <![CDATA[incorrectPassword]]>
              </value>
            </param>
            <param index="2">
              <value>
                <![CDATA[Your password is invalid!]]>
              </value>
            </param>
          </params>
          <reporter-output>
          </reporter-output>
        </test-method> <!-- negativeTest -->
        <test-method is-config="true" signature="tearDown()[pri:0, instance:Practice.Study.NegativeTest@17fc391b]" started-at="2024-04-04T18:23:59 IST" name="tearDown" finished-at="2024-04-04T18:23:59 IST" duration-ms="141" status="PASS">
          <reporter-output>
          </reporter-output>
        </test-method> <!-- tearDown -->
      </class> <!-- Practice.Study.NegativeTest -->
    </test> <!-- Negative test cases- Firefox invalid password -->
  </suite> <!-- NegativeTestSuite -->
</testng-results>
