<?xml version="1.0" encoding="UTF-8"?>
<testng-results ignored="0" total="4" passed="4" failed="0" skipped="0">
  <reporter-output>
  </reporter-output>
  <suite started-at="2024-05-14T18:48:56 IST" name="NegativeTestSuite" finished-at="2024-05-14T18:49:21 IST" duration-ms="25157">
    <groups>
    </groups>
    <test started-at="2024-05-14T18:48:56 IST" name="Negative test cases- Chrome invalid username" finished-at="2024-05-14T18:49:04 IST" duration-ms="8381">
      <class name="Practice.Study.NegativeTest">
        <test-method is-config="true" signature="setUp(java.lang.String,org.testng.ITestContext)[pri:0, instance:Practice.Study.NegativeTest@644baf4a]" started-at="2024-05-14T18:48:56 IST" name="setUp" finished-at="2024-05-14T18:48:59 IST" duration-ms="2745" status="PASS">
          <params>
            <param index="0">
              <value>
                <![CDATA[chrome]]>
              </value>
            </param>
            <param index="1">
              <value>
                <![CDATA[org.testng.TestRunner@63b3ee82]]>
              </value>
            </param>
          </params>
          <reporter-output>
          </reporter-output>
        </test-method> <!-- setUp -->
        <test-method signature="negativeTest(java.lang.String,java.lang.String,java.lang.String)[pri:0, instance:Practice.Study.NegativeTest@644baf4a]" started-at="2024-05-14T18:48:59 IST" name="negativeTest" finished-at="2024-05-14T18:49:04 IST" duration-ms="5435" status="PASS">
          <params>
            <param index="0">
              <value>
                <![CDATA[incorrectUsername]]>
              </value>
            </param>
            <param index="1">
              <value>
                <![CDATA[SuperSecretPassword!]]>
              </value>
            </param>
            <param index="2">
              <value>
                <![CDATA[Your username is invalid!]]>
              </value>
            </param>
          </params>
          <reporter-output>
          </reporter-output>
        </test-method> <!-- negativeTest -->
        <test-method is-config="true" signature="tearDown()[pri:0, instance:Practice.Study.NegativeTest@644baf4a]" started-at="2024-05-14T18:49:04 IST" name="tearDown" finished-at="2024-05-14T18:49:04 IST" duration-ms="122" status="PASS">
          <reporter-output>
          </reporter-output>
        </test-method> <!-- tearDown -->
      </class> <!-- Practice.Study.NegativeTest -->
    </test> <!-- Negative test cases- Chrome invalid username -->
    <test started-at="2024-05-14T18:49:04 IST" name="Negative test cases- Firefox invalid username" finished-at="2024-05-14T18:49:10 IST" duration-ms="5446">
      <class name="Practice.Study.NegativeTest">
        <test-method is-config="true" signature="setUp(java.lang.String,org.testng.ITestContext)[pri:0, instance:Practice.Study.NegativeTest@247310d0]" started-at="2024-05-14T18:49:04 IST" name="setUp" finished-at="2024-05-14T18:49:05 IST" duration-ms="994" status="PASS">
          <params>
            <param index="0">
              <value>
                <![CDATA[chrome]]>
              </value>
            </param>
            <param index="1">
              <value>
                <![CDATA[org.testng.TestRunner@2620e717]]>
              </value>
            </param>
          </params>
          <reporter-output>
          </reporter-output>
        </test-method> <!-- setUp -->
        <test-method signature="negativeTest(java.lang.String,java.lang.String,java.lang.String)[pri:0, instance:Practice.Study.NegativeTest@247310d0]" started-at="2024-05-14T18:49:05 IST" name="negativeTest" finished-at="2024-05-14T18:49:10 IST" duration-ms="4340" status="PASS">
          <params>
            <param index="0">
              <value>
                <![CDATA[incorrectUsername]]>
              </value>
            </param>
            <param index="1">
              <value>
                <![CDATA[SuperSecretPassword!]]>
              </value>
            </param>
            <param index="2">
              <value>
                <![CDATA[Your username is invalid!]]>
              </value>
            </param>
          </params>
          <reporter-output>
          </reporter-output>
        </test-method> <!-- negativeTest -->
        <test-method is-config="true" signature="tearDown()[pri:0, instance:Practice.Study.NegativeTest@247310d0]" started-at="2024-05-14T18:49:10 IST" name="tearDown" finished-at="2024-05-14T18:49:10 IST" duration-ms="102" status="PASS">
          <reporter-output>
          </reporter-output>
        </test-method> <!-- tearDown -->
      </class> <!-- Practice.Study.NegativeTest -->
    </test> <!-- Negative test cases- Firefox invalid username -->
    <test started-at="2024-05-14T18:49:10 IST" name="Negative test cases- Chrome invalid password" finished-at="2024-05-14T18:49:15 IST" duration-ms="5459">
      <class name="Practice.Study.NegativeTest">
        <test-method is-config="true" signature="setUp(java.lang.String,org.testng.ITestContext)[pri:0, instance:Practice.Study.NegativeTest@303cf2ba]" started-at="2024-05-14T18:49:10 IST" name="setUp" finished-at="2024-05-14T18:49:11 IST" duration-ms="860" status="PASS">
          <params>
            <param index="0">
              <value>
                <![CDATA[chrome]]>
              </value>
            </param>
            <param index="1">
              <value>
                <![CDATA[org.testng.TestRunner@7c8d5312]]>
              </value>
            </param>
          </params>
          <reporter-output>
          </reporter-output>
        </test-method> <!-- setUp -->
        <test-method signature="negativeTest(java.lang.String,java.lang.String,java.lang.String)[pri:0, instance:Practice.Study.NegativeTest@303cf2ba]" started-at="2024-05-14T18:49:11 IST" name="negativeTest" finished-at="2024-05-14T18:49:15 IST" duration-ms="4481" status="PASS">
          <params>
            <param index="0">
              <value>
                <![CDATA[tomsmith]]>
              </value>
            </param>
            <param index="1">
              <value>
                <![CDATA[incorrectPassword]]>
              </value>
            </param>
            <param index="2">
              <value>
                <![CDATA[Your password is invalid!]]>
              </value>
            </param>
          </params>
          <reporter-output>
          </reporter-output>
        </test-method> <!-- negativeTest -->
        <test-method is-config="true" signature="tearDown()[pri:0, instance:Practice.Study.NegativeTest@303cf2ba]" started-at="2024-05-14T18:49:15 IST" name="tearDown" finished-at="2024-05-14T18:49:15 IST" duration-ms="108" status="PASS">
          <reporter-output>
          </reporter-output>
        </test-method> <!-- tearDown -->
      </class> <!-- Practice.Study.NegativeTest -->
    </test> <!-- Negative test cases- Chrome invalid password -->
    <test started-at="2024-05-14T18:49:15 IST" name="Negative test cases- Firefox invalid password" finished-at="2024-05-14T18:49:21 IST" duration-ms="5793">
      <class name="Practice.Study.NegativeTest">
        <test-method is-config="true" signature="setUp(java.lang.String,org.testng.ITestContext)[pri:0, instance:Practice.Study.NegativeTest@17fc391b]" started-at="2024-05-14T18:49:15 IST" name="setUp" finished-at="2024-05-14T18:49:16 IST" duration-ms="1044" status="PASS">
          <params>
            <param index="0">
              <value>
                <![CDATA[chrome]]>
              </value>
            </param>
            <param index="1">
              <value>
                <![CDATA[org.testng.TestRunner@7636823f]]>
              </value>
            </param>
          </params>
          <reporter-output>
          </reporter-output>
        </test-method> <!-- setUp -->
        <test-method signature="negativeTest(java.lang.String,java.lang.String,java.lang.String)[pri:0, instance:Practice.Study.NegativeTest@17fc391b]" started-at="2024-05-14T18:49:16 IST" name="negativeTest" finished-at="2024-05-14T18:49:21 IST" duration-ms="4638" status="PASS">
          <params>
            <param index="0">
              <value>
                <![CDATA[tomsmith]]>
              </value>
            </param>
            <param index="1">
              <value>
                <![CDATA[incorrectPassword]]>
              </value>
            </param>
            <param index="2">
              <value>
                <![CDATA[Your password is invalid!]]>
              </value>
            </param>
          </params>
          <reporter-output>
          </reporter-output>
        </test-method> <!-- negativeTest -->
        <test-method is-config="true" signature="tearDown()[pri:0, instance:Practice.Study.NegativeTest@17fc391b]" started-at="2024-05-14T18:49:21 IST" name="tearDown" finished-at="2024-05-14T18:49:21 IST" duration-ms="103" status="PASS">
          <reporter-output>
          </reporter-output>
        </test-method> <!-- tearDown -->
      </class> <!-- Practice.Study.NegativeTest -->
    </test> <!-- Negative test cases- Firefox invalid password -->
  </suite> <!-- NegativeTestSuite -->
</testng-results>
